DTrace trace log for server: DiscServer.EX13Domain.com
[Opened: 2017/11/23 16:54:32]

Windows version: 6.3.9600 (Windows Server 2012 R2)
Time zone: India Standard Time
Time difference to UTC: +5:30

-----

Enabled Trace options

Id    Name                                         Detail     Include Events
99  - runner                                       Verbose    Yes         

-----


Display Filter:
  Include strings:
    EV-
    EV:
    EV~

  No Exclude Strings
-----

Current File Rollover Settings: 100Mb

-----

1	16:55:59.646	 [4200]	(Runner)	<4800>	EV-H	{RuntimeMethodHandle.InvokeMethod} Executing command : elevate msiexec /i "C:\DAServer\Veritas Enterprise Vault Discovery Accelerator Server.msi" /passive SERVICE_DMN="EX13DOMAIN" SERVICE_USR="evsvc" SERVICE_PW="p@ssw0rD" ADDLOCAL="Service,DiscoveryAcceleratorRoot,AdminWeb,Websites,DiscoveryAPI,CustodianManagerWeb,ReportingWebService" DISCOVERY_REPORTING="C:\Program Files (x86)\Enterprise Vault Business Accelerator\DAReporting" INSTALLDIR="C:\Program Files (x86)\Enterprise Vault Business Accelerator" /passive /l*v "C:\DAinstall.log"
5	17:12:32.305	 [1748]	(Runner)	<2740>	EV-L	{Logger.WriteLine} Parameters passed [0]: C:\FitNesse\Fixtures\Data\EnhancedReporting\PSScripts\ChangeAuthenticationForApplication.ps1 |[1] : True |[2]:C:\FitNesse\Fixtures\Data\EnhancedReporting\PSScripts\ChangeWebSiteAuthenticationSetting.ps1, DAReporting, basicAuthentication, 1
6	17:12:32.320	 [1748]	(Runner)	<2740>	EV-L	{Logger.WriteLine} Executing script:|####START####|#|# (c) 2016 Veritas Technologies Corporation. All rights reserved.|# |# THIS SOFTWARE CONTAINS CONFIDENTIAL INFORMATION AND TRADE SECRETS OF VERITAS |# TECHNOLOGIES CORPORATION.  USE, DISCLOSURE OR REPRODUCTION IS PROHIBITED |# WITHOUT THE PRIOR EXPRESS WRITTEN PERMISSION OF VERITAS TECHNOLOGIES |# CORPORATION.|# |# The Licensed Software and Documentation are deemed to be commercial computer |# software as defined in FAR 12.212 and subject to restricted rights as defined |# in FAR Section 52.227-19 "Commercial Computer Software - Restricted Rights" |# and DFARS 227.7202, Rights in "Commercial Computer Software or Commercial |# Computer Software Documentation," as applicable, and any successor regulations, |# whether delivered by Veritas Technologies Corporation as on premises or hosted |# services.  Any use, modification, reproduction release, performance, display or |# disclosure of the Licensed Software and Documentation by the U.S. Government |# shall be solely in accordance with the terms of this Agreement.|#|#$moduePath : Full path of the script ChangeWebSiteAuthenticationSetting.ps1|#$applicationName: Name of the application (e.g. CAReporting for CA reporing application|#$authenticationType: Name of the authentication type (e.g. basicAuthentication for basic and windowsAuthentication for windows)|#$value: 1: to enable 0: to disable|#$websiteName: Name of the website e.g. "Default Web Site", if not passed it assumes "Default Web Site"|param([string]$moduePath, [string]$applicationName, [string]$authenticationType, [string] $value, [string]$websiteName)|Import-Module $moduePath|#convert string to bool|$booleanValue = $value -eq 1|if ([string]::IsNullOrWhiteSpace( $websiteName))|{|$websiteName = "Default Web Site"|}|ChangeWebSiteAuthenticationSetting $booleanValue $websiteName  $applicationName $authenticationType |Remove-Module ChangeWebSiteAuthenticationSetting|####END####
7	17:12:55.602	 [1748]	(Runner)	<2740>	EV-L	{Logger.WriteLine} Updated PowerShell execution policy to RemoteSigned
8	17:13:16.898	 [1748]	(Runner)	<2740>	EV-L	{Logger.WriteLine} Adding parameter: C:\FitNesse\Fixtures\Data\EnhancedReporting\PSScripts\ChangeWebSiteAuthenticationSetting.ps1
9	17:13:16.898	 [1748]	(Runner)	<2740>	EV-L	{Logger.WriteLine} Adding parameter: DAReporting
10	17:13:16.898	 [1748]	(Runner)	<2740>	EV-L	{Logger.WriteLine} Adding parameter: basicAuthentication
11	17:13:16.898	 [1748]	(Runner)	<2740>	EV-L	{Logger.WriteLine} Adding parameter: 1
12	17:13:21.227	 [1748]	(Runner)	<2740>	EV-L	{Logger.WriteLine} script:[C:\FitNesse\Fixtures\Data\EnhancedReporting\PSScripts\ChangeAuthenticationForApplication.ps1] executed with 0 Errors and 0 Warnings.
13	17:13:21.461	 [1748]	(Runner)	<2740>	EV-L	{Logger.WriteLine} Parameters passed [0]: C:\FitNesse\Fixtures\Data\EnhancedReporting\PSScripts\ChangeAuthenticationForApplication.ps1 |[1] : True |[2]:C:\FitNesse\Fixtures\Data\EnhancedReporting\PSScripts\ChangeWebSiteAuthenticationSetting.ps1, DAReporting, windowsAuthentication, 0
14	17:13:21.461	 [1748]	(Runner)	<2740>	EV-L	{Logger.WriteLine} Executing script:|####START####|#|# (c) 2016 Veritas Technologies Corporation. All rights reserved.|# |# THIS SOFTWARE CONTAINS CONFIDENTIAL INFORMATION AND TRADE SECRETS OF VERITAS |# TECHNOLOGIES CORPORATION.  USE, DISCLOSURE OR REPRODUCTION IS PROHIBITED |# WITHOUT THE PRIOR EXPRESS WRITTEN PERMISSION OF VERITAS TECHNOLOGIES |# CORPORATION.|# |# The Licensed Software and Documentation are deemed to be commercial computer |# software as defined in FAR 12.212 and subject to restricted rights as defined |# in FAR Section 52.227-19 "Commercial Computer Software - Restricted Rights" |# and DFARS 227.7202, Rights in "Commercial Computer Software or Commercial |# Computer Software Documentation," as applicable, and any successor regulations, |# whether delivered by Veritas Technologies Corporation as on premises or hosted |# services.  Any use, modification, reproduction release, performance, display or |# disclosure of the Licensed Software and Documentation by the U.S. Government |# shall be solely in accordance with the terms of this Agreement.|#|#$moduePath : Full path of the script ChangeWebSiteAuthenticationSetting.ps1|#$applicationName: Name of the application (e.g. CAReporting for CA reporing application|#$authenticationType: Name of the authentication type (e.g. basicAuthentication for basic and windowsAuthentication for windows)|#$value: 1: to enable 0: to disable|#$websiteName: Name of the website e.g. "Default Web Site", if not passed it assumes "Default Web Site"|param([string]$moduePath, [string]$applicationName, [string]$authenticationType, [string] $value, [string]$websiteName)|Import-Module $moduePath|#convert string to bool|$booleanValue = $value -eq 1|if ([string]::IsNullOrWhiteSpace( $websiteName))|{|$websiteName = "Default Web Site"|}|ChangeWebSiteAuthenticationSetting $booleanValue $websiteName  $applicationName $authenticationType |Remove-Module ChangeWebSiteAuthenticationSetting|####END####
15	17:13:22.102	 [1748]	(Runner)	<2740>	EV-L	{Logger.WriteLine} Updated PowerShell execution policy to RemoteSigned
16	17:13:22.758	 [1748]	(Runner)	<2740>	EV-L	{Logger.WriteLine} Adding parameter: C:\FitNesse\Fixtures\Data\EnhancedReporting\PSScripts\ChangeWebSiteAuthenticationSetting.ps1
17	17:13:22.758	 [1748]	(Runner)	<2740>	EV-L	{Logger.WriteLine} Adding parameter: DAReporting
18	17:13:22.758	 [1748]	(Runner)	<2740>	EV-L	{Logger.WriteLine} Adding parameter: windowsAuthentication
19	17:13:22.758	 [1748]	(Runner)	<2740>	EV-L	{Logger.WriteLine} Adding parameter: 0
20	17:13:23.117	 [1748]	(Runner)	<2740>	EV-L	{Logger.WriteLine} script:[C:\FitNesse\Fixtures\Data\EnhancedReporting\PSScripts\ChangeAuthenticationForApplication.ps1] executed with 0 Errors and 0 Warnings.
23	17:16:37.711	 [1748]	(Runner)	<2740>	EV-H	{Helper.CopyDBBackupFiles} Database Backup File DAConfiguration copied
24	17:17:16.727	 [1748]	(Runner)	<2740>	EV-H	{Helper.CopyDBBackupFiles} Database Backup File DACUSTOMER1 copied
25	17:17:19.149	 [1748]	(Runner)	<2740>	EV-H	{Helper.CopyDBBackupFiles} Database Backup File DACUSTOMER2 copied
26	17:17:22.290	 [1748]	(Runner)	<2740>	EV-H	{Helper.CopyDBBackupFiles} Database Backup File DACUSTOMER3 copied
27	17:17:22.290	 [1748]	(Runner)	<2740>	EV-H	{Helper.CreateDaAnalyticsFolder} \\AUTOSQL.EX13DOMAIN.com\C$\DACUSTOMER1created
28	17:17:22.290	 [1748]	(Runner)	<2740>	EV-H	{Helper.CreateDaAnalyticsFolder} \\AUTOSQL.EX13DOMAIN.com\C$\DACUSTOMER2created
29	17:17:22.290	 [1748]	(Runner)	<2740>	EV-H	{Helper.CreateDaAnalyticsFolder} \\AUTOSQL.EX13DOMAIN.com\C$\DACUSTOMER3created
30	17:17:22.774	 [1748]	(Runner)	<2740>	EV~I	DirectoryConnection: Function call: CVersionUpdate::Init() |
31	17:17:22.774	 [1748]	(Runner)	<2740>	EV~I	DirectoryConnection: Function call: CVersionUpdate::ReadRegistryKey |
32	17:17:22.790	 [1748]	(Runner)	<2740>	EV:L	DirectoryConnection (DllGetClassObject) - RegKey UseLocalDirectory [False], SiteAlias [(null)]
33	17:17:22.790	 [1748]	(Runner)	<2740>	EV:L	{InitSockets}
34	17:17:23.149	 [1748]	(Runner)	<2740>	EV:L	CBaseDirectoryServiceWrapper::GetInterface - EntryID [(null)]
35	17:17:23.180	 [1748]	(Runner)	<2740>	EV:H	{CBaseDirectoryServiceWrapper::GetInterface} HRXEX fn trace : Error [0xc0042162], [d:\builds\17\ev\v-mn-s\sources\source\directory\directoryconnection\directoryservicewrapper.cpp, lines {597,624}, built Nov 18 22:03:25 2017].
36	17:17:23.212	 [1748]	(Runner)	<2740>	EV:H	{CBaseDirectoryServiceWrapper::Invoke} HRXEX fn trace : Error [0xc0042162], [d:\builds\17\ev\v-mn-s\sources\source\directory\directoryconnection\directoryservicewrapper.cpp, lines {366,371}, built Nov 18 22:03:25 2017].
37	17:17:23.212	 [1748]	(Runner)	<2740>	EV:H	{CDirectoryConnectionObject::GetSQLServer} HRXEX fn trace : Error [0xc0042162], [d:\builds\17\ev\v-mn-s\sources\source\directory\directoryconnection\directoryconnectionobject_1.cpp, lines {1455,1461}, built Nov 18 22:03:25 2017].
38	17:17:31.149	 [1748]	(Runner)	<2740>	EV-H	{Helper.RestoreDatabase} Database DAConfiguration restored successfully
39	17:18:13.024	 [1748]	(Runner)	<2740>	EV-H	{Helper.RestoreDatabase} Database DACUSTOMER1 restored successfully
40	17:18:23.352	 [1748]	(Runner)	<2740>	EV-H	{Helper.RestoreDatabase} Database DACUSTOMER2 restored successfully
41	17:18:33.774	 [1748]	(Runner)	<2740>	EV-H	{Helper.RestoreDatabase} Database DACUSTOMER3 restored successfully
42	17:18:33.915	 [1748]	(Runner)	<2740>	EV-H	{Helper.AddDbOwner} EX13DOMAIN\evsvc added to db_owner list of database DAConfiguration
43	17:18:33.993	 [1748]	(Runner)	<2740>	EV-H	{Helper.AddDbOwner} EX13DOMAIN\evsvc added to db_owner list of database DACUSTOMER1
44	17:18:34.118	 [1748]	(Runner)	<2740>	EV-H	{Helper.AddDbOwner} EX13DOMAIN\evsvc added to db_owner list of database DACUSTOMER2
45	17:18:34.212	 [1748]	(Runner)	<2740>	EV-H	{Helper.AddDbOwner} EX13DOMAIN\evsvc added to db_owner list of database DACUSTOMER3
46	17:18:35.196	 [1748]	(Runner)	<2740>	EV-H	{AcceleratorConfiguration.AcceleratorConfig} Initiating Configuration
93	17:19:55.634	 [1748]	(Runner)	<2740>	EV-L	{DBUpgrader.UpdateCustomer} No upgrade needed for customer - DACUSTOMER1
94	17:19:55.899	 [1748]	(Runner)	<2740>	EV-L	{DBUpgrader.UpdateCustomer} No upgrade needed for customer - DACUSTOMER2
95	17:19:56.024	 [1748]	(Runner)	<2740>	EV-L	{DBUpgrader.UpdateCustomer} No upgrade needed for customer - DACUSTOMER3
96	17:19:56.134	 [1748]	(Runner)	<2740>	EV-H	{CaseTest} Entered method'updateCase'...
97	17:20:00.493	 [1748]	(Runner)	<2740>	EV-H	{CaseTest} Getting vault stores for creating new case or updating case..
98	17:20:01.181	 [1748]	(Runner)	<2740>	EV-H	{CaseTest} Calling CaseRBOs update method...
99	17:20:05.040	 [1748]	(Runner)	<2740>	EV-H	{CaseTest} Case updated successfully!
100	17:20:05.040	 [1748]	(Runner)	<2740>	EV-H	{CaseTest} Ending method'updateCase'...
101	17:20:05.056	 [1748]	(Runner)	<2740>	EV-H	{CaseTest} Entered method'updateCase'...
102	17:20:05.321	 [1748]	(Runner)	<2740>	EV-H	{CaseTest} Getting vault stores for creating new case or updating case..
103	17:20:05.337	 [1748]	(Runner)	<2740>	EV-H	{CaseTest} Calling CaseRBOs update method...
104	17:20:05.665	 [1748]	(Runner)	<2740>	EV-H	{CaseTest} Case updated successfully!
105	17:20:05.665	 [1748]	(Runner)	<2740>	EV-H	{CaseTest} Ending method'updateCase'...
106	17:20:05.665	 [1748]	(Runner)	<2740>	EV-H	{CaseTest} Entered method'updateCase'...
107	17:20:05.727	 [1748]	(Runner)	<2740>	EV-H	{CaseTest} Getting vault stores for creating new case or updating case..
108	17:20:05.743	 [1748]	(Runner)	<2740>	EV-H	{CaseTest} Calling CaseRBOs update method...
109	17:20:06.243	 [1748]	(Runner)	<2740>	EV-H	{CaseTest} Case updated successfully!
110	17:20:06.243	 [1748]	(Runner)	<2740>	EV-H	{CaseTest} Ending method'updateCase'...
111	17:20:06.243	 [1748]	(Runner)	<2740>	EV-H	{CaseTest} Entered method'updateCase'...
112	17:20:06.509	 [1748]	(Runner)	<2740>	EV-H	{CaseTest} Getting vault stores for creating new case or updating case..
113	17:20:06.524	 [1748]	(Runner)	<2740>	EV-H	{CaseTest} Calling CaseRBOs update method...
114	17:20:07.024	 [1748]	(Runner)	<2740>	EV-H	{CaseTest} Case updated successfully!
115	17:20:07.024	 [1748]	(Runner)	<2740>	EV-H	{CaseTest} Ending method'updateCase'...
116	17:20:07.024	 [1748]	(Runner)	<2740>	EV-H	{CaseTest} Entered method'updateCase'...
117	17:20:07.462	 [1748]	(Runner)	<2740>	EV-H	{CaseTest} Getting vault stores for creating new case or updating case..
118	17:20:07.477	 [1748]	(Runner)	<2740>	EV-H	{CaseTest} Calling CaseRBOs update method...
119	17:20:07.774	 [1748]	(Runner)	<2740>	EV-H	{CaseTest} Case updated successfully!
120	17:20:07.774	 [1748]	(Runner)	<2740>	EV-H	{CaseTest} Ending method'updateCase'...
121	17:20:07.774	 [1748]	(Runner)	<2740>	EV-H	{CaseTest} Entered method'updateCase'...
122	17:20:07.852	 [1748]	(Runner)	<2740>	EV-H	{CaseTest} Getting vault stores for creating new case or updating case..
123	17:20:07.868	 [1748]	(Runner)	<2740>	EV-H	{CaseTest} Calling CaseRBOs update method...
124	17:20:08.368	 [1748]	(Runner)	<2740>	EV-H	{CaseTest} Case updated successfully!
125	17:20:08.368	 [1748]	(Runner)	<2740>	EV-H	{CaseTest} Ending method'updateCase'...
126	17:20:08.368	 [1748]	(Runner)	<2740>	EV-H	{CaseTest} Entered method'updateCase'...
127	17:20:23.149	 [1748]	(Runner)	<2740>	EV-H	{CaseTest} Getting vault stores for creating new case or updating case..
128	17:20:26.727	 [1748]	(Runner)	<2740>	EV-H	{CaseTest} Calling CaseRBOs update method...
129	17:20:36.899	 [1748]	(Runner)	<2740>	EV-H	{CaseTest} Case updated successfully!
130	17:20:36.899	 [1748]	(Runner)	<2740>	EV-H	{CaseTest} Ending method'updateCase'...
131	17:20:36.899	 [1748]	(Runner)	<2740>	EV-H	{CaseTest} Entered method'updateCase'...
132	17:20:50.196	 [1748]	(Runner)	<2740>	EV-H	{CaseTest} Getting vault stores for creating new case or updating case..
133	17:20:53.337	 [1748]	(Runner)	<2740>	EV-H	{CaseTest} Calling CaseRBOs update method...
134	17:21:01.759	 [1748]	(Runner)	<2740>	EV-H	{CaseTest} Case updated successfully!
135	17:21:01.759	 [1748]	(Runner)	<2740>	EV-H	{CaseTest} Ending method'updateCase'...
136	17:21:01.759	 [1748]	(Runner)	<2740>	EV-H	{CaseTest} Entered method'updateCase'...
137	17:21:14.649	 [1748]	(Runner)	<2740>	EV-H	{CaseTest} Getting vault stores for creating new case or updating case..
138	17:21:17.821	 [1748]	(Runner)	<2740>	EV-H	{CaseTest} Calling CaseRBOs update method...
139	17:21:27.212	 [1748]	(Runner)	<2740>	EV-H	{CaseTest} Case updated successfully!
140	17:21:27.212	 [1748]	(Runner)	<2740>	EV-H	{CaseTest} Ending method'updateCase'...
141	17:21:27.228	 [1748]	(Runner)	<2740>	EV-H	{CaseTest} Entered method'updateCase'...
142	17:21:38.931	 [1748]	(Runner)	<2740>	EV-H	{CaseTest} Getting vault stores for creating new case or updating case..
143	17:21:41.571	 [1748]	(Runner)	<2740>	EV-H	{CaseTest} Calling CaseRBOs update method...
144	17:21:48.837	 [1748]	(Runner)	<2740>	EV-H	{CaseTest} Case updated successfully!
145	17:21:48.837	 [1748]	(Runner)	<2740>	EV-H	{CaseTest} Ending method'updateCase'...
146	17:21:48.837	 [1748]	(Runner)	<2740>	EV-H	{CaseTest} Entered method'updateCase'...
147	17:22:03.353	 [1748]	(Runner)	<2740>	EV-H	{CaseTest} Getting vault stores for creating new case or updating case..
148	17:22:06.978	 [1748]	(Runner)	<2740>	EV-H	{CaseTest} Calling CaseRBOs update method...
149	17:22:16.978	 [1748]	(Runner)	<2740>	EV-H	{CaseTest} Case updated successfully!
150	17:22:16.978	 [1748]	(Runner)	<2740>	EV-H	{CaseTest} Ending method'updateCase'...
151	17:22:16.978	 [1748]	(Runner)	<2740>	EV-H	{CaseTest} Entered method'updateCase'...
152	17:22:28.806	 [1748]	(Runner)	<2740>	EV-H	{CaseTest} Getting vault stores for creating new case or updating case..
153	17:22:31.353	 [1748]	(Runner)	<2740>	EV-H	{CaseTest} Calling CaseRBOs update method...
154	17:22:38.650	 [1748]	(Runner)	<2740>	EV-H	{CaseTest} Case updated successfully!
155	17:22:38.650	 [1748]	(Runner)	<2740>	EV-H	{CaseTest} Ending method'updateCase'...
156	17:22:38.650	 [1748]	(Runner)	<2740>	EV-H	{CaseTest} Entered method'updateCase'...
157	17:22:50.993	 [1748]	(Runner)	<2740>	EV-H	{CaseTest} Getting vault stores for creating new case or updating case..
158	17:22:53.556	 [1748]	(Runner)	<2740>	EV-H	{CaseTest} Calling CaseRBOs update method...
159	17:23:01.431	 [1748]	(Runner)	<2740>	EV-H	{CaseTest} Case updated successfully!
160	17:23:01.431	 [1748]	(Runner)	<2740>	EV-H	{CaseTest} Ending method'updateCase'...
161	17:23:01.431	 [1748]	(Runner)	<2740>	EV-H	{CaseTest} Entered method'updateCase'...
162	17:23:12.509	 [1748]	(Runner)	<2740>	EV-H	{CaseTest} Getting vault stores for creating new case or updating case..
163	17:23:15.853	 [1748]	(Runner)	<2740>	EV-H	{CaseTest} Calling CaseRBOs update method...
164	17:23:23.103	 [1748]	(Runner)	<2740>	EV-H	{CaseTest} Case updated successfully!
165	17:23:23.103	 [1748]	(Runner)	<2740>	EV-H	{CaseTest} Ending method'updateCase'...
166	17:23:23.306	 [1748]	(Runner)	<2740>	EV-L	{RoleAssignment.addUser} Trying to add principal to DA
167	17:23:23.306	 [1748]	(Runner)	<2740>	EV-H	{CaseTest} Entered method to find case ID
168	17:23:23.478	 [1748]	(Runner)	<2740>	EV-H	{CaseTest} Found Case ID, case ID is: 7
169	17:23:25.634	 [1748]	(Runner)	<2740>	EV-H	{CaseTest} Entered method to find case ID
170	17:23:25.650	 [1748]	(Runner)	<2740>	EV-H	{CaseTest} Found Case ID, case ID is: 7
171	17:23:25.728	 [1748]	(Runner)	<2740>	EV-H	{RoleAssignment} Entered 'assignRoles' method
172	17:23:25.728	 [1748]	(Runner)	<2740>	EV-H	{RoleAssignment} Getting principal login ID of the employee...
173	17:23:25.743	 [1748]	(Runner)	<2740>	EV-H	{RoleAssignment} Found principal login ID of the employee!
174	17:23:25.743	 [1748]	(Runner)	<2740>	EV-H	{CaseTest} Entered method to find case ID using case name for case: Case-3
175	17:23:25.775	 [1748]	(Runner)	<2740>	EV-H	{CaseTest} Found case ID for case: Case-3, Case ID is: 7
176	17:23:25.775	 [1748]	(Runner)	<2740>	EV-H	{RoleAssignment} Getting available roles that can be assigned to the user
177	17:23:25.775	 [1748]	(Runner)	<2740>	EV-H	{RoleAssignment} Updating role to the target employee...
178	17:23:25.790	 [1748]	(Runner)	<2740>	EV-H	{RoleAssignment}  An exception occured while assigning role:  KVS.Accelerator.Common.AccUserNotPermittedException: You no longer have the necessary permissions to perform the requested operation.|Server stack trace: |   at KVS.Accelerator.RBO.RBO_Base.DemandCaseLevelPermission(Int32 CaseID, Object Context)|   at KVS.Accelerator.RBO.RBO_Roles.UpdateRoleTarget(Int32 caseID, RoleTargetEntity roleTarget)|   at System.Runtime.Remoting.Messaging.StackBuilderSink._PrivateProcessMessage(IntPtr md, Object[] args, Object server, Object[]& outArgs)|   at System.Runtime.Remoting.Messaging.StackBuilderSink.SyncProcessMessage(IMessage msg)|Exception rethrown at [0]: |   at System.Runtime.Remoting.Proxies.RealProxy.HandleReturnMessage(IMessage reqMsg, IMessage retMsg)|   at System.Runtime.Remoting.Proxies.RealProxy.PrivateInvoke(MessageData& msgData, Int32 type)|   at KVS.Accelerator.Interfaces.IRBO_Roles.UpdateRoleTarget(Int32 caseID, RoleTargetEntity roleTarget)|   at Symantec.EnterpriseVault.Accelerator.AcceleratorFixtures.RoleAssignment.assignRoles()
179	17:23:25.806	 [1748]	(Runner)	<2740>	EV-H	{CaseTest} Entered method to find case ID
180	17:23:25.822	 [1748]	(Runner)	<2740>	EV-H	{CaseTest} Found Case ID, case ID is: 8
181	17:23:25.853	 [1748]	(Runner)	<2740>	EV-H	{RoleAssignment} Entered 'assignRoles' method
182	17:23:25.853	 [1748]	(Runner)	<2740>	EV-H	{RoleAssignment} Getting principal login ID of the employee...
183	17:23:25.853	 [1748]	(Runner)	<2740>	EV-H	{RoleAssignment} Found principal login ID of the employee!
184	17:23:25.853	 [1748]	(Runner)	<2740>	EV-H	{CaseTest} Entered method to find case ID using case name for case: Case-4
185	17:23:25.947	 [1748]	(Runner)	<2740>	EV-H	{CaseTest} Found case ID for case: Case-4, Case ID is: 8
186	17:23:25.947	 [1748]	(Runner)	<2740>	EV-H	{RoleAssignment} Getting available roles that can be assigned to the user
187	17:23:25.962	 [1748]	(Runner)	<2740>	EV-H	{RoleAssignment} Updating role to the target employee...
188	17:23:25.962	 [1748]	(Runner)	<2740>	EV-H	{RoleAssignment}  An exception occured while assigning role:  KVS.Accelerator.Common.AccUserNotPermittedException: You no longer have the necessary permissions to perform the requested operation.|Server stack trace: |   at KVS.Accelerator.RBO.RBO_Base.DemandCaseLevelPermission(Int32 CaseID, Object Context)|   at KVS.Accelerator.RBO.RBO_Roles.UpdateRoleTarget(Int32 caseID, RoleTargetEntity roleTarget)|   at System.Runtime.Remoting.Messaging.StackBuilderSink._PrivateProcessMessage(IntPtr md, Object[] args, Object server, Object[]& outArgs)|   at System.Runtime.Remoting.Messaging.StackBuilderSink.SyncProcessMessage(IMessage msg)|Exception rethrown at [0]: |   at System.Runtime.Remoting.Proxies.RealProxy.HandleReturnMessage(IMessage reqMsg, IMessage retMsg)|   at System.Runtime.Remoting.Proxies.RealProxy.PrivateInvoke(MessageData& msgData, Int32 type)|   at KVS.Accelerator.Interfaces.IRBO_Roles.UpdateRoleTarget(Int32 caseID, RoleTargetEntity roleTarget)|   at Symantec.EnterpriseVault.Accelerator.AcceleratorFixtures.RoleAssignment.assignRoles()
189	17:23:25.978	 [1748]	(Runner)	<2740>	EV-L	{RoleAssignment.addUser} Trying to add principal to DA
190	17:23:25.978	 [1748]	(Runner)	<2740>	EV-H	{CaseTest} Entered method to find case ID
191	17:23:26.009	 [1748]	(Runner)	<2740>	EV-H	{CaseTest} Found Case ID, case ID is: 5
192	17:23:26.040	 [1748]	(Runner)	<2740>	EV-H	{CaseTest} Entered method to find case ID
193	17:23:26.056	 [1748]	(Runner)	<2740>	EV-H	{CaseTest} Found Case ID, case ID is: 5
194	17:23:26.167	 [1748]	(Runner)	<2740>	EV-H	{RoleAssignment} Entered 'assignRoles' method
195	17:23:26.189	 [1748]	(Runner)	<2740>	EV-H	{RoleAssignment} Getting principal login ID of the employee...
196	17:23:26.228	 [1748]	(Runner)	<2740>	EV-H	{RoleAssignment} Found principal login ID of the employee!
197	17:23:26.228	 [1748]	(Runner)	<2740>	EV-H	{CaseTest} Entered method to find case ID using case name for case: Case-1
198	17:23:26.228	 [1748]	(Runner)	<2740>	EV-H	{CaseTest} Found case ID for case: Case-1, Case ID is: 5
199	17:23:26.228	 [1748]	(Runner)	<2740>	EV-H	{RoleAssignment} Getting available roles that can be assigned to the user
200	17:23:26.250	 [1748]	(Runner)	<2740>	EV-H	{RoleAssignment} Updating role to the target employee...
201	17:23:26.321	 [1748]	(Runner)	<2740>	EV-H	{RoleAssignment}  An exception occured while assigning role:  KVS.Accelerator.Common.AccUserNotPermittedException: You no longer have the necessary permissions to perform the requested operation.|Server stack trace: |   at KVS.Accelerator.RBO.RBO_Base.DemandCaseLevelPermission(Int32 CaseID, Object Context)|   at KVS.Accelerator.RBO.RBO_Roles.UpdateRoleTarget(Int32 caseID, RoleTargetEntity roleTarget)|   at System.Runtime.Remoting.Messaging.StackBuilderSink._PrivateProcessMessage(IntPtr md, Object[] args, Object server, Object[]& outArgs)|   at System.Runtime.Remoting.Messaging.StackBuilderSink.SyncProcessMessage(IMessage msg)|Exception rethrown at [0]: |   at System.Runtime.Remoting.Proxies.RealProxy.HandleReturnMessage(IMessage reqMsg, IMessage retMsg)|   at System.Runtime.Remoting.Proxies.RealProxy.PrivateInvoke(MessageData& msgData, Int32 type)|   at KVS.Accelerator.Interfaces.IRBO_Roles.UpdateRoleTarget(Int32 caseID, RoleTargetEntity roleTarget)|   at Symantec.EnterpriseVault.Accelerator.AcceleratorFixtures.RoleAssignment.assignRoles()
202	17:23:26.321	 [1748]	(Runner)	<2740>	EV-H	{CaseTest} Entered method to find case ID
203	17:23:26.384	 [1748]	(Runner)	<2740>	EV-H	{CaseTest} Found Case ID, case ID is: 6
204	17:23:26.571	 [1748]	(Runner)	<2740>	EV-H	{RoleAssignment} Entered 'assignRoles' method
205	17:23:26.571	 [1748]	(Runner)	<2740>	EV-H	{RoleAssignment} Getting principal login ID of the employee...
206	17:23:26.607	 [1748]	(Runner)	<2740>	EV-H	{RoleAssignment} Found principal login ID of the employee!
207	17:23:26.607	 [1748]	(Runner)	<2740>	EV-H	{CaseTest} Entered method to find case ID using case name for case: Case-2
208	17:23:26.712	 [1748]	(Runner)	<2740>	EV-H	{CaseTest} Found case ID for case: Case-2, Case ID is: 6
209	17:23:26.712	 [1748]	(Runner)	<2740>	EV-H	{RoleAssignment} Getting available roles that can be assigned to the user
210	17:23:26.712	 [1748]	(Runner)	<2740>	EV-H	{RoleAssignment} Updating role to the target employee...
211	17:23:26.729	 [1748]	(Runner)	<2740>	EV-H	{RoleAssignment}  An exception occured while assigning role:  KVS.Accelerator.Common.AccUserNotPermittedException: You no longer have the necessary permissions to perform the requested operation.|Server stack trace: |   at KVS.Accelerator.RBO.RBO_Base.DemandCaseLevelPermission(Int32 CaseID, Object Context)|   at KVS.Accelerator.RBO.RBO_Roles.UpdateRoleTarget(Int32 caseID, RoleTargetEntity roleTarget)|   at System.Runtime.Remoting.Messaging.StackBuilderSink._PrivateProcessMessage(IntPtr md, Object[] args, Object server, Object[]& outArgs)|   at System.Runtime.Remoting.Messaging.StackBuilderSink.SyncProcessMessage(IMessage msg)|Exception rethrown at [0]: |   at System.Runtime.Remoting.Proxies.RealProxy.HandleReturnMessage(IMessage reqMsg, IMessage retMsg)|   at System.Runtime.Remoting.Proxies.RealProxy.PrivateInvoke(MessageData& msgData, Int32 type)|   at KVS.Accelerator.Interfaces.IRBO_Roles.UpdateRoleTarget(Int32 caseID, RoleTargetEntity roleTarget)|   at Symantec.EnterpriseVault.Accelerator.AcceleratorFixtures.RoleAssignment.assignRoles()
212	17:23:26.729	 [1748]	(Runner)	<2740>	EV-H	{CaseTest} Entered method to find case ID
213	17:23:26.764	 [1748]	(Runner)	<2740>	EV-H	{CaseTest} Found Case ID, case ID is: 9
214	17:23:26.799	 [1748]	(Runner)	<2740>	EV-H	{RoleAssignment} Entered 'assignRoles' method
215	17:23:26.799	 [1748]	(Runner)	<2740>	EV-H	{RoleAssignment} Getting principal login ID of the employee...
216	17:23:26.806	 [1748]	(Runner)	<2740>	EV-H	{RoleAssignment} Found principal login ID of the employee!
217	17:23:26.806	 [1748]	(Runner)	<2740>	EV-H	{CaseTest} Entered method to find case ID using case name for case: Case001
218	17:23:26.868	 [1748]	(Runner)	<2740>	EV-H	{CaseTest} Found case ID for case: Case001, Case ID is: 9
219	17:23:26.885	 [1748]	(Runner)	<2740>	EV-H	{RoleAssignment} Getting available roles that can be assigned to the user
220	17:23:26.915	 [1748]	(Runner)	<2740>	EV-H	{RoleAssignment} Updating role to the target employee...
221	17:23:26.986	 [1748]	(Runner)	<2740>	EV-H	{RoleAssignment}  An exception occured while assigning role:  KVS.Accelerator.Common.AccUserNotPermittedException: You no longer have the necessary permissions to perform the requested operation.|Server stack trace: |   at KVS.Accelerator.RBO.RBO_Base.DemandCaseLevelPermission(Int32 CaseID, Object Context)|   at KVS.Accelerator.RBO.RBO_Roles.UpdateRoleTarget(Int32 caseID, RoleTargetEntity roleTarget)|   at System.Runtime.Remoting.Messaging.StackBuilderSink._PrivateProcessMessage(IntPtr md, Object[] args, Object server, Object[]& outArgs)|   at System.Runtime.Remoting.Messaging.StackBuilderSink.SyncProcessMessage(IMessage msg)|Exception rethrown at [0]: |   at System.Runtime.Remoting.Proxies.RealProxy.HandleReturnMessage(IMessage reqMsg, IMessage retMsg)|   at System.Runtime.Remoting.Proxies.RealProxy.PrivateInvoke(MessageData& msgData, Int32 type)|   at KVS.Accelerator.Interfaces.IRBO_Roles.UpdateRoleTarget(Int32 caseID, RoleTargetEntity roleTarget)|   at Symantec.EnterpriseVault.Accelerator.AcceleratorFixtures.RoleAssignment.assignRoles()
222	17:23:27.044	 [1748]	(Runner)	<2740>	EV-H	{CaseTest} Entered method to find case ID
223	17:23:27.061	 [1748]	(Runner)	<2740>	EV-H	{CaseTest} Found Case ID, case ID is: 10
224	17:23:27.072	 [1748]	(Runner)	<2740>	EV-H	{RoleAssignment} Entered 'assignRoles' method
225	17:23:27.072	 [1748]	(Runner)	<2740>	EV-H	{RoleAssignment} Getting principal login ID of the employee...
226	17:23:27.072	 [1748]	(Runner)	<2740>	EV-H	{RoleAssignment} Found principal login ID of the employee!
227	17:23:27.072	 [1748]	(Runner)	<2740>	EV-H	{CaseTest} Entered method to find case ID using case name for case: Case002
228	17:23:27.087	 [1748]	(Runner)	<2740>	EV-H	{CaseTest} Found case ID for case: Case002, Case ID is: 10
229	17:23:27.087	 [1748]	(Runner)	<2740>	EV-H	{RoleAssignment} Getting available roles that can be assigned to the user
230	17:23:27.103	 [1748]	(Runner)	<2740>	EV-H	{RoleAssignment} Updating role to the target employee...
231	17:23:27.118	 [1748]	(Runner)	<2740>	EV-H	{RoleAssignment}  An exception occured while assigning role:  KVS.Accelerator.Common.AccUserNotPermittedException: You no longer have the necessary permissions to perform the requested operation.|Server stack trace: |   at KVS.Accelerator.RBO.RBO_Base.DemandCaseLevelPermission(Int32 CaseID, Object Context)|   at KVS.Accelerator.RBO.RBO_Roles.UpdateRoleTarget(Int32 caseID, RoleTargetEntity roleTarget)|   at System.Runtime.Remoting.Messaging.StackBuilderSink._PrivateProcessMessage(IntPtr md, Object[] args, Object server, Object[]& outArgs)|   at System.Runtime.Remoting.Messaging.StackBuilderSink.SyncProcessMessage(IMessage msg)|Exception rethrown at [0]: |   at System.Runtime.Remoting.Proxies.RealProxy.HandleReturnMessage(IMessage reqMsg, IMessage retMsg)|   at System.Runtime.Remoting.Proxies.RealProxy.PrivateInvoke(MessageData& msgData, Int32 type)|   at KVS.Accelerator.Interfaces.IRBO_Roles.UpdateRoleTarget(Int32 caseID, RoleTargetEntity roleTarget)|   at Symantec.EnterpriseVault.Accelerator.AcceleratorFixtures.RoleAssignment.assignRoles()
232	17:23:27.118	 [1748]	(Runner)	<2740>	EV-L	{RoleAssignment.addUser} Trying to add principal to DA
233	17:23:27.118	 [1748]	(Runner)	<2740>	EV-H	{CaseTest} Entered method to find case ID
234	17:23:40.743	 [1748]	(Runner)	<2740>	EV-H	{CaseTest} Found Case ID, case ID is: 7
235	17:24:16.915	 [1748]	(Runner)	<2740>	EV-H	{CaseTest} Entered method to find case ID
236	17:24:28.587	 [1748]	(Runner)	<2740>	EV-H	{CaseTest} Found Case ID, case ID is: 7
237	17:24:30.306	 [1748]	(Runner)	<2740>	EV-H	{RoleAssignment} Entered 'assignRoles' method
238	17:24:30.306	 [1748]	(Runner)	<2740>	EV-H	{RoleAssignment} Getting principal login ID of the employee...
239	17:24:30.759	 [1748]	(Runner)	<2740>	EV-H	{RoleAssignment} Found principal login ID of the employee!
240	17:24:30.759	 [1748]	(Runner)	<2740>	EV-H	{CaseTest} Entered method to find case ID using case name for case: Case-7
241	17:24:41.431	 [1748]	(Runner)	<2740>	EV-H	{CaseTest} Found case ID for case: Case-7, Case ID is: 7
242	17:24:41.431	 [1748]	(Runner)	<2740>	EV-H	{RoleAssignment} Getting available roles that can be assigned to the user
243	17:25:09.665	 [1748]	(Runner)	<2740>	EV-H	{RoleAssignment} Updating role to the target employee...
244	17:25:12.166	 [1748]	(Runner)	<2740>	EV-H	{RoleAssignment}  An exception occured while assigning role:  KVS.Accelerator.Common.AccUserNotPermittedException: You no longer have the necessary permissions to perform the requested operation.|Server stack trace: |   at KVS.Accelerator.RBO.RBO_Base.DemandCaseLevelPermission(Int32 CaseID, Object Context)|   at KVS.Accelerator.RBO.RBO_Roles.UpdateRoleTarget(Int32 caseID, RoleTargetEntity roleTarget)|   at System.Runtime.Remoting.Messaging.StackBuilderSink._PrivateProcessMessage(IntPtr md, Object[] args, Object server, Object[]& outArgs)|   at System.Runtime.Remoting.Messaging.StackBuilderSink.SyncProcessMessage(IMessage msg)|Exception rethrown at [0]: |   at System.Runtime.Remoting.Proxies.RealProxy.HandleReturnMessage(IMessage reqMsg, IMessage retMsg)|   at System.Runtime.Remoting.Proxies.RealProxy.PrivateInvoke(MessageData& msgData, Int32 type)|   at KVS.Accelerator.Interfaces.IRBO_Roles.UpdateRoleTarget(Int32 caseID, RoleTargetEntity roleTarget)|   at Symantec.EnterpriseVault.Accelerator.AcceleratorFixtures.RoleAssignment.assignRoles()
245	17:25:12.166	 [1748]	(Runner)	<2740>	EV-H	{CaseTest} Entered method to find case ID
246	17:25:24.337	 [1748]	(Runner)	<2740>	EV-H	{CaseTest} Found Case ID, case ID is: 8
247	17:25:26.572	 [1748]	(Runner)	<2740>	EV-H	{RoleAssignment} Entered 'assignRoles' method
248	17:25:26.572	 [1748]	(Runner)	<2740>	EV-H	{RoleAssignment} Getting principal login ID of the employee...
249	17:25:27.322	 [1748]	(Runner)	<2740>	EV-H	{RoleAssignment} Found principal login ID of the employee!
250	17:25:27.322	 [1748]	(Runner)	<2740>	EV-H	{CaseTest} Entered method to find case ID using case name for case: Case-8
251	17:25:41.197	 [1748]	(Runner)	<2740>	EV-H	{CaseTest} Found case ID for case: Case-8, Case ID is: 8
252	17:25:41.197	 [1748]	(Runner)	<2740>	EV-H	{RoleAssignment} Getting available roles that can be assigned to the user
253	17:26:11.244	 [1748]	(Runner)	<2740>	EV-H	{RoleAssignment} Updating role to the target employee...
254	17:26:13.384	 [1748]	(Runner)	<2740>	EV-H	{RoleAssignment}  An exception occured while assigning role:  KVS.Accelerator.Common.AccUserNotPermittedException: You no longer have the necessary permissions to perform the requested operation.|Server stack trace: |   at KVS.Accelerator.RBO.RBO_Base.DemandCaseLevelPermission(Int32 CaseID, Object Context)|   at KVS.Accelerator.RBO.RBO_Roles.UpdateRoleTarget(Int32 caseID, RoleTargetEntity roleTarget)|   at System.Runtime.Remoting.Messaging.StackBuilderSink._PrivateProcessMessage(IntPtr md, Object[] args, Object server, Object[]& outArgs)|   at System.Runtime.Remoting.Messaging.StackBuilderSink.SyncProcessMessage(IMessage msg)|Exception rethrown at [0]: |   at System.Runtime.Remoting.Proxies.RealProxy.HandleReturnMessage(IMessage reqMsg, IMessage retMsg)|   at System.Runtime.Remoting.Proxies.RealProxy.PrivateInvoke(MessageData& msgData, Int32 type)|   at KVS.Accelerator.Interfaces.IRBO_Roles.UpdateRoleTarget(Int32 caseID, RoleTargetEntity roleTarget)|   at Symantec.EnterpriseVault.Accelerator.AcceleratorFixtures.RoleAssignment.assignRoles()
255	17:26:13.400	 [1748]	(Runner)	<2740>	EV-L	{RoleAssignment.addUser} Trying to add principal to DA
256	17:26:13.400	 [1748]	(Runner)	<2740>	EV-H	{CaseTest} Entered method to find case ID
257	17:26:25.494	 [1748]	(Runner)	<2740>	EV-H	{CaseTest} Found Case ID, case ID is: 5
258	17:26:52.369	 [1748]	(Runner)	<2740>	EV-H	{CaseTest} Entered method to find case ID
259	17:27:03.322	 [1748]	(Runner)	<2740>	EV-H	{CaseTest} Found Case ID, case ID is: 5
260	17:27:05.759	 [1748]	(Runner)	<2740>	EV-H	{RoleAssignment} Entered 'assignRoles' method
261	17:27:05.759	 [1748]	(Runner)	<2740>	EV-H	{RoleAssignment} Getting principal login ID of the employee...
262	17:27:06.384	 [1748]	(Runner)	<2740>	EV-H	{RoleAssignment} Found principal login ID of the employee!
263	17:27:06.384	 [1748]	(Runner)	<2740>	EV-H	{CaseTest} Entered method to find case ID using case name for case: Case-5
264	17:27:18.291	 [1748]	(Runner)	<2740>	EV-H	{CaseTest} Found case ID for case: Case-5, Case ID is: 5
265	17:27:18.291	 [1748]	(Runner)	<2740>	EV-H	{RoleAssignment} Getting available roles that can be assigned to the user
266	17:27:46.603	 [1748]	(Runner)	<2740>	EV-H	{RoleAssignment} Updating role to the target employee...
267	17:27:49.025	 [1748]	(Runner)	<2740>	EV-H	{RoleAssignment}  An exception occured while assigning role:  KVS.Accelerator.Common.AccUserNotPermittedException: You no longer have the necessary permissions to perform the requested operation.|Server stack trace: |   at KVS.Accelerator.RBO.RBO_Base.DemandCaseLevelPermission(Int32 CaseID, Object Context)|   at KVS.Accelerator.RBO.RBO_Roles.UpdateRoleTarget(Int32 caseID, RoleTargetEntity roleTarget)|   at System.Runtime.Remoting.Messaging.StackBuilderSink._PrivateProcessMessage(IntPtr md, Object[] args, Object server, Object[]& outArgs)|   at System.Runtime.Remoting.Messaging.StackBuilderSink.SyncProcessMessage(IMessage msg)|Exception rethrown at [0]: |   at System.Runtime.Remoting.Proxies.RealProxy.HandleReturnMessage(IMessage reqMsg, IMessage retMsg)|   at System.Runtime.Remoting.Proxies.RealProxy.PrivateInvoke(MessageData& msgData, Int32 type)|   at KVS.Accelerator.Interfaces.IRBO_Roles.UpdateRoleTarget(Int32 caseID, RoleTargetEntity roleTarget)|   at Symantec.EnterpriseVault.Accelerator.AcceleratorFixtures.RoleAssignment.assignRoles()
268	17:27:49.025	 [1748]	(Runner)	<2740>	EV-H	{CaseTest} Entered method to find case ID
269	17:28:00.588	 [1748]	(Runner)	<2740>	EV-H	{CaseTest} Found Case ID, case ID is: 6
270	17:28:03.103	 [1748]	(Runner)	<2740>	EV-H	{RoleAssignment} Entered 'assignRoles' method
271	17:28:03.103	 [1748]	(Runner)	<2740>	EV-H	{RoleAssignment} Getting principal login ID of the employee...
272	17:28:03.885	 [1748]	(Runner)	<2740>	EV-H	{RoleAssignment} Found principal login ID of the employee!
273	17:28:03.885	 [1748]	(Runner)	<2740>	EV-H	{CaseTest} Entered method to find case ID using case name for case: Case-6
274	17:28:17.010	 [1748]	(Runner)	<2740>	EV-H	{CaseTest} Found case ID for case: Case-6, Case ID is: 6
275	17:28:17.010	 [1748]	(Runner)	<2740>	EV-H	{RoleAssignment} Getting available roles that can be assigned to the user
276	17:28:44.307	 [1748]	(Runner)	<2740>	EV-H	{RoleAssignment} Updating role to the target employee...
277	17:28:46.588	 [1748]	(Runner)	<2740>	EV-H	{RoleAssignment}  An exception occured while assigning role:  KVS.Accelerator.Common.AccUserNotPermittedException: You no longer have the necessary permissions to perform the requested operation.|Server stack trace: |   at KVS.Accelerator.RBO.RBO_Base.DemandCaseLevelPermission(Int32 CaseID, Object Context)|   at KVS.Accelerator.RBO.RBO_Roles.UpdateRoleTarget(Int32 caseID, RoleTargetEntity roleTarget)|   at System.Runtime.Remoting.Messaging.StackBuilderSink._PrivateProcessMessage(IntPtr md, Object[] args, Object server, Object[]& outArgs)|   at System.Runtime.Remoting.Messaging.StackBuilderSink.SyncProcessMessage(IMessage msg)|Exception rethrown at [0]: |   at System.Runtime.Remoting.Proxies.RealProxy.HandleReturnMessage(IMessage reqMsg, IMessage retMsg)|   at System.Runtime.Remoting.Proxies.RealProxy.PrivateInvoke(MessageData& msgData, Int32 type)|   at KVS.Accelerator.Interfaces.IRBO_Roles.UpdateRoleTarget(Int32 caseID, RoleTargetEntity roleTarget)|   at Symantec.EnterpriseVault.Accelerator.AcceleratorFixtures.RoleAssignment.assignRoles()
278	17:28:46.603	 [1748]	(Runner)	<2740>	EV-L	{RoleAssignment.addUser} Trying to add principal to DA
279	17:28:46.603	 [1748]	(Runner)	<2740>	EV-H	{CaseTest} Entered method to find case ID
280	17:28:59.682	 [1748]	(Runner)	<2740>	EV-H	{CaseTest} Found Case ID, case ID is: 7
281	17:29:43.963	 [1748]	(Runner)	<2740>	EV-H	{CaseTest} Entered method to find case ID
282	17:29:56.166	 [1748]	(Runner)	<2740>	EV-H	{CaseTest} Found Case ID, case ID is: 7
283	17:29:58.369	 [1748]	(Runner)	<2740>	EV-H	{RoleAssignment} Entered 'assignRoles' method
284	17:29:58.369	 [1748]	(Runner)	<2740>	EV-H	{RoleAssignment} Getting principal login ID of the employee...
285	17:29:58.947	 [1748]	(Runner)	<2740>	EV-H	{RoleAssignment} Found principal login ID of the employee!
286	17:29:58.947	 [1748]	(Runner)	<2740>	EV-H	{CaseTest} Entered method to find case ID using case name for case: Case-11
287	17:30:10.229	 [1748]	(Runner)	<2740>	EV-H	{CaseTest} Found case ID for case: Case-11, Case ID is: 7
288	17:30:10.229	 [1748]	(Runner)	<2740>	EV-H	{RoleAssignment} Getting available roles that can be assigned to the user
289	17:30:48.197	 [1748]	(Runner)	<2740>	EV-H	{RoleAssignment} Updating role to the target employee...
290	17:30:50.447	 [1748]	(Runner)	<2740>	EV-H	{RoleAssignment}  An exception occured while assigning role:  KVS.Accelerator.Common.AccUserNotPermittedException: You no longer have the necessary permissions to perform the requested operation.|Server stack trace: |   at KVS.Accelerator.RBO.RBO_Base.DemandCaseLevelPermission(Int32 CaseID, Object Context)|   at KVS.Accelerator.RBO.RBO_Roles.UpdateRoleTarget(Int32 caseID, RoleTargetEntity roleTarget)|   at System.Runtime.Remoting.Messaging.StackBuilderSink._PrivateProcessMessage(IntPtr md, Object[] args, Object server, Object[]& outArgs)|   at System.Runtime.Remoting.Messaging.StackBuilderSink.SyncProcessMessage(IMessage msg)|Exception rethrown at [0]: |   at System.Runtime.Remoting.Proxies.RealProxy.HandleReturnMessage(IMessage reqMsg, IMessage retMsg)|   at System.Runtime.Remoting.Proxies.RealProxy.PrivateInvoke(MessageData& msgData, Int32 type)|   at KVS.Accelerator.Interfaces.IRBO_Roles.UpdateRoleTarget(Int32 caseID, RoleTargetEntity roleTarget)|   at Symantec.EnterpriseVault.Accelerator.AcceleratorFixtures.RoleAssignment.assignRoles()
291	17:30:50.463	 [1748]	(Runner)	<2740>	EV-H	{CaseTest} Entered method to find case ID
292	17:31:02.385	 [1748]	(Runner)	<2740>	EV-H	{CaseTest} Found Case ID, case ID is: 8
293	17:31:04.869	 [1748]	(Runner)	<2740>	EV-H	{RoleAssignment} Entered 'assignRoles' method
294	17:31:04.869	 [1748]	(Runner)	<2740>	EV-H	{RoleAssignment} Getting principal login ID of the employee...
295	17:31:05.307	 [1748]	(Runner)	<2740>	EV-H	{RoleAssignment} Found principal login ID of the employee!
296	17:31:05.307	 [1748]	(Runner)	<2740>	EV-H	{CaseTest} Entered method to find case ID using case name for case: Case-12
297	17:31:17.416	 [1748]	(Runner)	<2740>	EV-H	{CaseTest} Found case ID for case: Case-12, Case ID is: 8
298	17:31:17.416	 [1748]	(Runner)	<2740>	EV-H	{RoleAssignment} Getting available roles that can be assigned to the user
299	17:31:55.573	 [1748]	(Runner)	<2740>	EV-H	{RoleAssignment} Updating role to the target employee...
300	17:31:57.557	 [1748]	(Runner)	<2740>	EV-H	{RoleAssignment}  An exception occured while assigning role:  KVS.Accelerator.Common.AccUserNotPermittedException: You no longer have the necessary permissions to perform the requested operation.|Server stack trace: |   at KVS.Accelerator.RBO.RBO_Base.DemandCaseLevelPermission(Int32 CaseID, Object Context)|   at KVS.Accelerator.RBO.RBO_Roles.UpdateRoleTarget(Int32 caseID, RoleTargetEntity roleTarget)|   at System.Runtime.Remoting.Messaging.StackBuilderSink._PrivateProcessMessage(IntPtr md, Object[] args, Object server, Object[]& outArgs)|   at System.Runtime.Remoting.Messaging.StackBuilderSink.SyncProcessMessage(IMessage msg)|Exception rethrown at [0]: |   at System.Runtime.Remoting.Proxies.RealProxy.HandleReturnMessage(IMessage reqMsg, IMessage retMsg)|   at System.Runtime.Remoting.Proxies.RealProxy.PrivateInvoke(MessageData& msgData, Int32 type)|   at KVS.Accelerator.Interfaces.IRBO_Roles.UpdateRoleTarget(Int32 caseID, RoleTargetEntity roleTarget)|   at Symantec.EnterpriseVault.Accelerator.AcceleratorFixtures.RoleAssignment.assignRoles()
301	17:31:57.557	 [1748]	(Runner)	<2740>	EV-L	{RoleAssignment.addUser} Trying to add principal to DA
302	17:31:57.557	 [1748]	(Runner)	<2740>	EV-H	{CaseTest} Entered method to find case ID
303	17:32:08.870	 [1748]	(Runner)	<2740>	EV-H	{CaseTest} Found Case ID, case ID is: 5
304	17:32:53.276	 [1748]	(Runner)	<2740>	EV-H	{CaseTest} Entered method to find case ID
305	17:33:06.448	 [1748]	(Runner)	<2740>	EV-H	{CaseTest} Found Case ID, case ID is: 5
306	17:33:09.151	 [1748]	(Runner)	<2740>	EV-H	{RoleAssignment} Entered 'assignRoles' method
307	17:33:09.151	 [1748]	(Runner)	<2740>	EV-H	{RoleAssignment} Getting principal login ID of the employee...
308	17:33:09.620	 [1748]	(Runner)	<2740>	EV-H	{RoleAssignment} Found principal login ID of the employee!
309	17:33:09.620	 [1748]	(Runner)	<2740>	EV-H	{CaseTest} Entered method to find case ID using case name for case: Case-9
310	17:33:22.198	 [1748]	(Runner)	<2740>	EV-H	{CaseTest} Found case ID for case: Case-9, Case ID is: 5
311	17:33:22.198	 [1748]	(Runner)	<2740>	EV-H	{RoleAssignment} Getting available roles that can be assigned to the user
312	17:34:01.323	 [1748]	(Runner)	<2740>	EV-H	{RoleAssignment} Updating role to the target employee...
313	17:34:03.620	 [1748]	(Runner)	<2740>	EV-H	{RoleAssignment}  An exception occured while assigning role:  KVS.Accelerator.Common.AccUserNotPermittedException: You no longer have the necessary permissions to perform the requested operation.|Server stack trace: |   at KVS.Accelerator.RBO.RBO_Base.DemandCaseLevelPermission(Int32 CaseID, Object Context)|   at KVS.Accelerator.RBO.RBO_Roles.UpdateRoleTarget(Int32 caseID, RoleTargetEntity roleTarget)|   at System.Runtime.Remoting.Messaging.StackBuilderSink._PrivateProcessMessage(IntPtr md, Object[] args, Object server, Object[]& outArgs)|   at System.Runtime.Remoting.Messaging.StackBuilderSink.SyncProcessMessage(IMessage msg)|Exception rethrown at [0]: |   at System.Runtime.Remoting.Proxies.RealProxy.HandleReturnMessage(IMessage reqMsg, IMessage retMsg)|   at System.Runtime.Remoting.Proxies.RealProxy.PrivateInvoke(MessageData& msgData, Int32 type)|   at KVS.Accelerator.Interfaces.IRBO_Roles.UpdateRoleTarget(Int32 caseID, RoleTargetEntity roleTarget)|   at Symantec.EnterpriseVault.Accelerator.AcceleratorFixtures.RoleAssignment.assignRoles()
314	17:34:03.620	 [1748]	(Runner)	<2740>	EV-H	{CaseTest} Entered method to find case ID
315	17:34:15.135	 [1748]	(Runner)	<2740>	EV-H	{CaseTest} Found Case ID, case ID is: 6
316	17:34:17.495	 [1748]	(Runner)	<2740>	EV-H	{RoleAssignment} Entered 'assignRoles' method
317	17:34:17.495	 [1748]	(Runner)	<2740>	EV-H	{RoleAssignment} Getting principal login ID of the employee...
318	17:34:18.307	 [1748]	(Runner)	<2740>	EV-H	{RoleAssignment} Found principal login ID of the employee!
319	17:34:18.307	 [1748]	(Runner)	<2740>	EV-H	{CaseTest} Entered method to find case ID using case name for case: Case-10
320	17:34:30.088	 [1748]	(Runner)	<2740>	EV-H	{CaseTest} Found case ID for case: Case-10, Case ID is: 6
321	17:34:30.088	 [1748]	(Runner)	<2740>	EV-H	{RoleAssignment} Getting available roles that can be assigned to the user
322	17:35:07.120	 [1748]	(Runner)	<2740>	EV-H	{RoleAssignment} Updating role to the target employee...
323	17:35:09.151	 [1748]	(Runner)	<2740>	EV-H	{RoleAssignment}  An exception occured while assigning role:  KVS.Accelerator.Common.AccUserNotPermittedException: You no longer have the necessary permissions to perform the requested operation.|Server stack trace: |   at KVS.Accelerator.RBO.RBO_Base.DemandCaseLevelPermission(Int32 CaseID, Object Context)|   at KVS.Accelerator.RBO.RBO_Roles.UpdateRoleTarget(Int32 caseID, RoleTargetEntity roleTarget)|   at System.Runtime.Remoting.Messaging.StackBuilderSink._PrivateProcessMessage(IntPtr md, Object[] args, Object server, Object[]& outArgs)|   at System.Runtime.Remoting.Messaging.StackBuilderSink.SyncProcessMessage(IMessage msg)|Exception rethrown at [0]: |   at System.Runtime.Remoting.Proxies.RealProxy.HandleReturnMessage(IMessage reqMsg, IMessage retMsg)|   at System.Runtime.Remoting.Proxies.RealProxy.PrivateInvoke(MessageData& msgData, Int32 type)|   at KVS.Accelerator.Interfaces.IRBO_Roles.UpdateRoleTarget(Int32 caseID, RoleTargetEntity roleTarget)|   at Symantec.EnterpriseVault.Accelerator.AcceleratorFixtures.RoleAssignment.assignRoles()
324	17:35:09.182	 [1748]	(Runner)	<2740>	EV:L	{CleanupSockets}
325	17:35:09.182	 [1748]	(Runner)	<2740>	EV~I	DirectoryConnection: Function call: CVersionUpdate::~CVersionUpdate |
